[ LOGGER ]  23-03-25 19:46:37  [WARN] : ruta  /users metodo GET no implementada
[ LOGGER ]  23-03-25 19:56:14  [WARN] : ruta  /favicon.ico metodo GET no implementada
[ LOGGER ]  23-03-25 20:31:13  [ERROR] : undefined
[ LOGGER ]  23-03-25 20:31:56  [ERROR] : undefined
[ LOGGER ]  23-03-25 20:32:20  [ERROR] : undefined
[ LOGGER ]  23-03-25 20:32:51  [ERROR] : undefined
[ LOGGER ]  23-03-26 12:25:42  [WARN] : ruta  /api/products/undefined metodo POST no implementada
[ LOGGER ]  23-03-26 12:27:04  [WARN] : ruta  /api/products/undefined metodo POST no implementada
[ LOGGER ]  23-03-26 12:30:08  [WARN] : ruta  /api/products/64206366679709fce390a3d4 metodo POST no implementada
[ LOGGER ]  23-03-26 12:33:00  [WARN] : ruta  /api/products/undefined metodo POST no implementada
[ LOGGER ]  23-03-26 12:41:32  [ERROR] : product is not defined
[ LOGGER ]  23-03-26 12:56:33  [ERROR] : loggerApp.warning is not a function
[ LOGGER ]  23-03-26 12:56:43  [ERROR] : Debe indicar id del producto
[ LOGGER ]  23-03-26 12:56:59  [ERROR] : Debe indicar id del producto
[ LOGGER ]  23-03-26 12:57:39  [ERROR] : Debe indicar id del producto
[ LOGGER ]  23-03-26 12:58:18  [ERROR] : connect ECONNREFUSED 127.0.0.1:8080
[ LOGGER ]  23-03-26 12:58:39  [ERROR] : connect ECONNREFUSED 127.0.0.1:8080
[ LOGGER ]  23-03-26 12:59:38  [ERROR] : connect ECONNREFUSED 127.0.0.1:8080
[ LOGGER ]  23-03-26 12:59:47  [ERROR] : connect ECONNREFUSED 127.0.0.1:8080
[ LOGGER ]  23-03-26 13:01:11  [ERROR] : connect ECONNREFUSED 127.0.0.1:8080
[ LOGGER ]  23-03-26 13:01:15  [ERROR] : connect ECONNREFUSED 127.0.0.1:8080
[ LOGGER ]  23-03-26 13:02:15  [ERROR] : connect ECONNREFUSED 127.0.0.1:8080
[ LOGGER ]  23-03-26 13:02:19  [ERROR] : connect ECONNREFUSED 127.0.0.1:8080
[ LOGGER ]  23-03-26 19:28:54  [WARN] : ruta  /favicon.ico metodo GET no implementada
[ LOGGER ]  23-03-26 19:42:21  [WARN] : ruta  /api/products/6420ca4c714ebb52999582fe metodo POST no implementada
[ LOGGER ]  23-03-26 20:21:40  [ERROR] : undefined
[ LOGGER ]  23-03-26 20:22:00  [ERROR] : undefined
[ LOGGER ]  23-03-26 20:22:06  [ERROR] : Cast to ObjectId failed for value "asdasdasd" (type string) at path "_id" for model "Products"
[ LOGGER ]  23-03-26 20:22:08  [ERROR] : Cast to ObjectId failed for value "asdasdasd" (type string) at path "_id" for model "Products"
[ LOGGER ]  23-03-26 20:22:22  [ERROR] : Cast to ObjectId failed for value "1256456456sadas" (type string) at path "_id" for model "Products"
[ LOGGER ]  23-03-26 20:22:36  [ERROR] : Cast to ObjectId failed for value "dfsdfsdfsdfssdfsdf" (type string) at path "_id" for model "Products"
[ LOGGER ]  23-03-26 20:23:50  [ERROR] : Cast to ObjectId failed for value "64066df8d632e602f56703" (type string) at path "_id" for model "Products"
[ LOGGER ]  23-03-26 20:25:05  [ERROR] : undefined
[ LOGGER ]  23-03-26 20:25:16  [ERROR] : undefined
[ LOGGER ]  23-03-26 20:25:17  [ERROR] : undefined
[ LOGGER ]  23-03-26 20:25:30  [ERROR] : [object Object]
[ LOGGER ]  23-03-26 20:25:38  [ERROR] : [object Object]
[ LOGGER ]  23-03-26 20:25:39  [ERROR] : [object Object]
[ LOGGER ]  23-03-26 20:28:32  [ERROR] : undefined
[ LOGGER ]  23-03-26 20:28:52  [ERROR] : undefined
[ LOGGER ]  23-03-26 20:29:09  [ERROR] : undefined
[ LOGGER ]  23-03-26 20:29:49  [ERROR] : undefined
[ LOGGER ]  23-03-26 20:38:54  [ERROR] : undefined
[ LOGGER ]  23-03-26 20:38:56  [ERROR] : undefined
[ LOGGER ]  23-03-26 20:40:39  [ERROR] : undefined
[ LOGGER ]  23-03-26 20:40:41  [ERROR] : undefined
[ LOGGER ]  23-03-26 20:41:57  [ERROR] : undefined
[ LOGGER ]  23-03-26 20:41:59  [ERROR] : undefined
